<!DOCTYPE html>
<html>
  <head>
    <meta charset="utf-8"/>
    <title>Test Report</title>
    <link href="assets/style.css" rel="stylesheet" type="text/css"/></head>
  <body onLoad="init()">
    <script>/* This Source Code Form is subject to the terms of the Mozilla Public
 * License, v. 2.0. If a copy of the MPL was not distributed with this file,
 * You can obtain one at http://mozilla.org/MPL/2.0/. */


function toArray(iter) {
    if (iter === null) {
        return null;
    }
    return Array.prototype.slice.call(iter);
}

function find(selector, elem) {
    if (!elem) {
        elem = document;
    }
    return elem.querySelector(selector);
}

function find_all(selector, elem) {
    if (!elem) {
        elem = document;
    }
    return toArray(elem.querySelectorAll(selector));
}

function sort_column(elem) {
    toggle_sort_states(elem);
    var colIndex = toArray(elem.parentNode.childNodes).indexOf(elem);
    var key;
    if (elem.classList.contains('numeric')) {
        key = key_num;
    } else if (elem.classList.contains('result')) {
        key = key_result;
    } else {
        key = key_alpha;
    }
    sort_table(elem, key(colIndex));
}

function show_all_extras() {
    find_all('.col-result').forEach(show_extras);
}

function hide_all_extras() {
    find_all('.col-result').forEach(hide_extras);
}

function show_extras(colresult_elem) {
    var extras = colresult_elem.parentNode.nextElementSibling;
    var expandcollapse = colresult_elem.firstElementChild;
    extras.classList.remove("collapsed");
    expandcollapse.classList.remove("expander");
    expandcollapse.classList.add("collapser");
}

function hide_extras(colresult_elem) {
    var extras = colresult_elem.parentNode.nextElementSibling;
    var expandcollapse = colresult_elem.firstElementChild;
    extras.classList.add("collapsed");
    expandcollapse.classList.remove("collapser");
    expandcollapse.classList.add("expander");
}

function show_filters() {
    var filter_items = document.getElementsByClassName('filter');
    for (var i = 0; i < filter_items.length; i++)
        filter_items[i].hidden = false;
}

function add_collapse() {
    // Add links for show/hide all
    var resulttable = find('table#results-table');
    var showhideall = document.createElement("p");
    showhideall.innerHTML = '<a href="javascript:show_all_extras()">Show all details</a> / ' +
                            '<a href="javascript:hide_all_extras()">Hide all details</a>';
    resulttable.parentElement.insertBefore(showhideall, resulttable);

    // Add show/hide link to each result
    find_all('.col-result').forEach(function(elem) {
        var collapsed = get_query_parameter('collapsed') || 'Passed';
        var extras = elem.parentNode.nextElementSibling;
        var expandcollapse = document.createElement("span");
        if (extras.classList.contains("collapsed")) {
            expandcollapse.classList.add("expander")
        } else if (collapsed.includes(elem.innerHTML)) {
            extras.classList.add("collapsed");
            expandcollapse.classList.add("expander");
        } else {
            expandcollapse.classList.add("collapser");
        }
        elem.appendChild(expandcollapse);

        elem.addEventListener("click", function(event) {
            if (event.currentTarget.parentNode.nextElementSibling.classList.contains("collapsed")) {
                show_extras(event.currentTarget);
            } else {
                hide_extras(event.currentTarget);
            }
        });
    })
}

function get_query_parameter(name) {
    var match = RegExp('[?&]' + name + '=([^&]*)').exec(window.location.search);
    return match && decodeURIComponent(match[1].replace(/\+/g, ' '));
}

function init () {
    reset_sort_headers();

    add_collapse();

    show_filters();

    sort_column(find('.initial-sort'));

    find_all('.sortable').forEach(function(elem) {
        elem.addEventListener("click",
                              function(event) {
                                  sort_column(elem);
                              }, false)
    });

};

function sort_table(clicked, key_func) {
    var rows = find_all('.results-table-row');
    var reversed = !clicked.classList.contains('asc');
    var sorted_rows = sort(rows, key_func, reversed);
    /* Whole table is removed here because browsers acts much slower
     * when appending existing elements.
     */
    var thead = document.getElementById("results-table-head");
    document.getElementById('results-table').remove();
    var parent = document.createElement("table");
    parent.id = "results-table";
    parent.appendChild(thead);
    sorted_rows.forEach(function(elem) {
        parent.appendChild(elem);
    });
    document.getElementsByTagName("BODY")[0].appendChild(parent);
}

function sort(items, key_func, reversed) {
    var sort_array = items.map(function(item, i) {
        return [key_func(item), i];
    });

    sort_array.sort(function(a, b) {
        var key_a = a[0];
        var key_b = b[0];

        if (key_a == key_b) return 0;

        if (reversed) {
            return (key_a < key_b ? 1 : -1);
        } else {
            return (key_a > key_b ? 1 : -1);
        }
    });

    return sort_array.map(function(item) {
        var index = item[1];
        return items[index];
    });
}

function key_alpha(col_index) {
    return function(elem) {
        return elem.childNodes[1].childNodes[col_index].firstChild.data.toLowerCase();
    };
}

function key_num(col_index) {
    return function(elem) {
        return parseFloat(elem.childNodes[1].childNodes[col_index].firstChild.data);
    };
}

function key_result(col_index) {
    return function(elem) {
        var strings = ['Error', 'Failed', 'Rerun', 'XFailed', 'XPassed',
                       'Skipped', 'Passed'];
        return strings.indexOf(elem.childNodes[1].childNodes[col_index].firstChild.data);
    };
}

function reset_sort_headers() {
    find_all('.sort-icon').forEach(function(elem) {
        elem.parentNode.removeChild(elem);
    });
    find_all('.sortable').forEach(function(elem) {
        var icon = document.createElement("div");
        icon.className = "sort-icon";
        icon.textContent = "vvv";
        elem.insertBefore(icon, elem.firstChild);
        elem.classList.remove("desc", "active");
        elem.classList.add("asc", "inactive");
    });
}

function toggle_sort_states(elem) {
    //if active, toggle between asc and desc
    if (elem.classList.contains('active')) {
        elem.classList.toggle('asc');
        elem.classList.toggle('desc');
    }

    //if inactive, reset all other functions and add ascending active
    if (elem.classList.contains('inactive')) {
        reset_sort_headers();
        elem.classList.remove('inactive');
        elem.classList.add('active');
    }
}

function is_all_rows_hidden(value) {
  return value.hidden == false;
}

function filter_table(elem) {
    var outcome_att = "data-test-result";
    var outcome = elem.getAttribute(outcome_att);
    class_outcome = outcome + " results-table-row";
    var outcome_rows = document.getElementsByClassName(class_outcome);

    for(var i = 0; i < outcome_rows.length; i++){
        outcome_rows[i].hidden = !elem.checked;
    }

    var rows = find_all('.results-table-row').filter(is_all_rows_hidden);
    var all_rows_hidden = rows.length == 0 ? true : false;
    var not_found_message = document.getElementById("not-found-message");
    not_found_message.hidden = !all_rows_hidden;
}
</script>
    <h1>report.html</h1>
    <p>Report generated on 25-May-2020 at 15:58:09 by <a href="https://pypi.python.org/pypi/pytest-html">pytest-html</a> v2.1.1</p>
    <h2>Environment</h2>
    <table id="environment">
      <tr>
        <td>JAVA_HOME</td>
        <td>/usr/lib/jvm/java-8-oracle</td></tr>
      <tr>
        <td>Packages</td>
        <td>{"pluggy": "0.13.1", "py": "1.8.1", "pytest": "5.4.2"}</td></tr>
      <tr>
        <td>Platform</td>
        <td>Linux-4.15.0-96-generic-x86_64-with-Ubuntu-18.04-bionic</td></tr>
      <tr>
        <td>Plugins</td>
        <td>{"html": "2.1.1", "metadata": "1.9.0", "ordering": "0.6"}</td></tr>
      <tr>
        <td>Python</td>
        <td>3.6.9</td></tr></table>
    <h2>Summary</h2>
    <p>3 tests ran in 20.34 seconds. </p>
    <p class="filter" hidden="true">(Un)check the boxes to filter the results.</p><input checked="true" class="filter" data-test-result="passed" disabled="true" hidden="true" name="filter_checkbox" onChange="filter_table(this)" type="checkbox"/><span class="passed">0 passed</span>, <input checked="true" class="filter" data-test-result="skipped" disabled="true" hidden="true" name="filter_checkbox" onChange="filter_table(this)" type="checkbox"/><span class="skipped">0 skipped</span>, <input checked="true" class="filter" data-test-result="failed" hidden="true" name="filter_checkbox" onChange="filter_table(this)" type="checkbox"/><span class="failed">3 failed</span>, <input checked="true" class="filter" data-test-result="error" disabled="true" hidden="true" name="filter_checkbox" onChange="filter_table(this)" type="checkbox"/><span class="error">0 errors</span>, <input checked="true" class="filter" data-test-result="xfailed" disabled="true" hidden="true" name="filter_checkbox" onChange="filter_table(this)" type="checkbox"/><span class="xfailed">0 expected failures</span>, <input checked="true" class="filter" data-test-result="xpassed" disabled="true" hidden="true" name="filter_checkbox" onChange="filter_table(this)" type="checkbox"/><span class="xpassed">0 unexpected passes</span>
    <h2>Results</h2>
    <table id="results-table">
      <thead id="results-table-head">
        <tr>
          <th class="sortable result initial-sort" col="result">Result</th>
          <th class="sortable" col="name">Test</th>
          <th class="sortable numeric" col="duration">Duration</th>
          <th>Links</th></tr>
        <tr hidden="true" id="not-found-message">
          <th colspan="4">No results found. Try to check the filters</th></tr></thead>
      <tbody class="failed results-table-row">
        <tr>
          <td class="col-result">Failed</td>
          <td class="col-name">tests/test.py::GithubLogin::test_login_1___validUserName____invalidPassword__</td>
          <td class="col-duration">4.05</td>
          <td class="col-links"></td></tr>
        <tr>
          <td class="extra" colspan="4">
            <div class="log">self = &lt;tests.test.GithubLogin testMethod=test_login_1___validUserName____invalidPassword__&gt;, userName = &#x27;validUserName&#x27;, password = &#x27;invalidPassword&#x27;<br/><br/>    @pytest.mark.run(order=1)<br/>    @data(*getCSVData(&quot;test_data/data.csv&quot;))<br/>    @unpack<br/>    def test_login(self, userName, password):<br/>        self.lp.userLogin(userName, password)<br/>        titleResult = self.lp.verifyTitle()<br/>        self.ts.mark(titleResult, &quot;Title Verified&quot;)<br/>        loginResult = self.lp.verifyLogin()<br/>&gt;       self.ts.markFinal(&quot;test_login&quot;, loginResult, &quot;Login Verified&quot;)<br/><br/>tests/test.py:34: <br/>_ _ _ _ _ _ _ _ _ _ _ _ _ _ _ _ _ _ _ _ _ _ _ _ _ _ _ _ _ _ _ _ _ _ _ _ _ _ _ _ <br/><br/>self = &lt;utilities.test_status.TestStatus object at 0x7fb6bf691358&gt;, testName = &#x27;test_login&#x27;, result = False, resultMessage = &#x27;Login Verified&#x27;<br/><br/>    def markFinal(self, testName, result, resultMessage):<br/>        self.setResult(result, resultMessage)<br/>    <br/>        if &quot;FAIL&quot; in self.resultList:<br/>            self.log.error(testName +  &quot; ### TEST FAILED&quot;)<br/>            self.resultList.clear()<br/>&gt;           assert True == False<br/><span class="error">E           AssertionError: assert True == False</span><br/><br/>utilities/test_status.py:61: AssertionError<br/> -----------------------------Captured stdout setup------------------------------ <br/>Opening the browser with base Url
<br/> -------------------------------Captured log call-------------------------------- <br/>[32mINFO    [0m SeleniumDriver:selenium_driver.py:76 Element found with locator: //a[@href=&#x27;/login&#x27;] and  locatorType: xpath
[32mINFO    [0m SeleniumDriver:selenium_driver.py:87 Clicked on element with locator: //a[@href=&#x27;/login&#x27;] locatorType: xpath
[32mINFO    [0m SeleniumDriver:selenium_driver.py:76 Element found with locator: login_field and  locatorType: id
[32mINFO    [0m SeleniumDriver:selenium_driver.py:99 Sent data on element with locator: login_field locatorType: id
[32mINFO    [0m SeleniumDriver:selenium_driver.py:76 Element found with locator: password and  locatorType: id
[32mINFO    [0m SeleniumDriver:selenium_driver.py:99 Sent data on element with locator: password locatorType: id
[32mINFO    [0m Util:util.py:81 Actual Text From Application Web UI --&gt; :: Sign in to GitHub Â· GitHub
[32mINFO    [0m Util:util.py:82 Expected Text From Application Web UI --&gt; :: GitHub
[32mINFO    [0m Util:util.py:84 ### VERIFICATION CONTAINS !!!
[31m[1mERROR   [0m TestStatus:test_status.py:37 ### VERIFICATION FAILED :: + Title Verified
[32mINFO    [0m TestStatus:selenium_driver.py:42 Screenshot save to directory: /home/tester/Desktop/Personal_Gitlab/python-selenium/utilities/../screenshots/Title Verified.1590415072895.png
[32mINFO    [0m SeleniumDriver:selenium_driver.py:79 Element not found with locator: //p[@class=&#x27;shelf-lead&#x27;] and  locatorType: xpath
[32mINFO    [0m SeleniumDriver:selenium_driver.py:114 Element not present with locator: //p[@class=&#x27;shelf-lead&#x27;] locatorType: xpath
[31m[1mERROR   [0m TestStatus:test_status.py:33 ### VERIFICATION FAILED :: + Login Verified
[32mINFO    [0m TestStatus:selenium_driver.py:42 Screenshot save to directory: /home/tester/Desktop/Personal_Gitlab/python-selenium/utilities/../screenshots/Login Verified.1590415076169.png
[31m[1mERROR   [0m TestStatus:test_status.py:59 test_login ### TEST FAILED<br/></div></td></tr></tbody>
      <tbody class="failed results-table-row">
        <tr>
          <td class="col-result">Failed</td>
          <td class="col-name">tests/test.py::GithubLogin::test_login_2___invalidUserName____validPassword__</td>
          <td class="col-duration">6.77</td>
          <td class="col-links"></td></tr>
        <tr>
          <td class="extra" colspan="4">
            <div class="log">self = &lt;tests.test.GithubLogin testMethod=test_login_2___invalidUserName____validPassword__&gt;, userName = &#x27;invalidUserName&#x27;, password = &#x27;validPassword&#x27;<br/><br/>    @pytest.mark.run(order=1)<br/>    @data(*getCSVData(&quot;test_data/data.csv&quot;))<br/>    @unpack<br/>    def test_login(self, userName, password):<br/>        self.lp.userLogin(userName, password)<br/>        titleResult = self.lp.verifyTitle()<br/>        self.ts.mark(titleResult, &quot;Title Verified&quot;)<br/>        loginResult = self.lp.verifyLogin()<br/>&gt;       self.ts.markFinal(&quot;test_login&quot;, loginResult, &quot;Login Verified&quot;)<br/><br/>tests/test.py:34: <br/>_ _ _ _ _ _ _ _ _ _ _ _ _ _ _ _ _ _ _ _ _ _ _ _ _ _ _ _ _ _ _ _ _ _ _ _ _ _ _ _ <br/><br/>self = &lt;utilities.test_status.TestStatus object at 0x7fb6bf691550&gt;, testName = &#x27;test_login&#x27;, result = False, resultMessage = &#x27;Login Verified&#x27;<br/><br/>    def markFinal(self, testName, result, resultMessage):<br/>        self.setResult(result, resultMessage)<br/>    <br/>        if &quot;FAIL&quot; in self.resultList:<br/>            self.log.error(testName +  &quot; ### TEST FAILED&quot;)<br/>            self.resultList.clear()<br/>&gt;           assert True == False<br/><span class="error">E           AssertionError: assert True == False</span><br/><br/>utilities/test_status.py:61: AssertionError<br/> ------------------------------Captured stderr call------------------------------ <br/>  File &quot;/usr/lib/python3.6/runpy.py&quot;, line 193, in _run_module_as_main
    &quot;__main__&quot;, mod_spec)
  File &quot;/usr/lib/python3.6/runpy.py&quot;, line 85, in _run_code
    exec(code, run_globals)
  File &quot;/home/tester/.local/lib/python3.6/site-packages/pytest/__main__.py&quot;, line 7, in &lt;module&gt;
    raise SystemExit(pytest.main())
  File &quot;/home/tester/.local/lib/python3.6/site-packages/_pytest/config/__init__.py&quot;, line 125, in main
    config=config
  File &quot;/home/tester/.local/lib/python3.6/site-packages/pluggy/hooks.py&quot;, line 286, in __call__
    return self._hookexec(self, self.get_hookimpls(), kwargs)
  File &quot;/home/tester/.local/lib/python3.6/site-packages/pluggy/manager.py&quot;, line 93, in _hookexec
    return self._inner_hookexec(hook, methods, kwargs)
  File &quot;/home/tester/.local/lib/python3.6/site-packages/pluggy/manager.py&quot;, line 87, in &lt;lambda&gt;
    firstresult=hook.spec.opts.get(&quot;firstresult&quot;) if hook.spec else False,
  File &quot;/home/tester/.local/lib/python3.6/site-packages/pluggy/callers.py&quot;, line 187, in _multicall
    res = hook_impl.function(*args)
  File &quot;/home/tester/.local/lib/python3.6/site-packages/_pytest/main.py&quot;, line 240, in pytest_cmdline_main
    return wrap_session(config, _main)
  File &quot;/home/tester/.local/lib/python3.6/site-packages/_pytest/main.py&quot;, line 191, in wrap_session
    session.exitstatus = doit(config, session) or 0
  File &quot;/home/tester/.local/lib/python3.6/site-packages/_pytest/main.py&quot;, line 247, in _main
    config.hook.pytest_runtestloop(session=session)
  File &quot;/home/tester/.local/lib/python3.6/site-packages/pluggy/hooks.py&quot;, line 286, in __call__
    return self._hookexec(self, self.get_hookimpls(), kwargs)
  File &quot;/home/tester/.local/lib/python3.6/site-packages/pluggy/manager.py&quot;, line 93, in _hookexec
    return self._inner_hookexec(hook, methods, kwargs)
  File &quot;/home/tester/.local/lib/python3.6/site-packages/pluggy/manager.py&quot;, line 87, in &lt;lambda&gt;
    firstresult=hook.spec.opts.get(&quot;firstresult&quot;) if hook.spec else False,
  File &quot;/home/tester/.local/lib/python3.6/site-packages/pluggy/callers.py&quot;, line 187, in _multicall
    res = hook_impl.function(*args)
  File &quot;/home/tester/.local/lib/python3.6/site-packages/_pytest/main.py&quot;, line 272, in pytest_runtestloop
    item.config.hook.pytest_runtest_protocol(item=item, nextitem=nextitem)
  File &quot;/home/tester/.local/lib/python3.6/site-packages/pluggy/hooks.py&quot;, line 286, in __call__
    return self._hookexec(self, self.get_hookimpls(), kwargs)
  File &quot;/home/tester/.local/lib/python3.6/site-packages/pluggy/manager.py&quot;, line 93, in _hookexec
    return self._inner_hookexec(hook, methods, kwargs)
  File &quot;/home/tester/.local/lib/python3.6/site-packages/pluggy/manager.py&quot;, line 87, in &lt;lambda&gt;
    firstresult=hook.spec.opts.get(&quot;firstresult&quot;) if hook.spec else False,
  File &quot;/home/tester/.local/lib/python3.6/site-packages/pluggy/callers.py&quot;, line 187, in _multicall
    res = hook_impl.function(*args)
  File &quot;/home/tester/.local/lib/python3.6/site-packages/_pytest/runner.py&quot;, line 85, in pytest_runtest_protocol
    runtestprotocol(item, nextitem=nextitem)
  File &quot;/home/tester/.local/lib/python3.6/site-packages/_pytest/runner.py&quot;, line 100, in runtestprotocol
    reports.append(call_and_report(item, &quot;call&quot;, log))
  File &quot;/home/tester/.local/lib/python3.6/site-packages/_pytest/runner.py&quot;, line 186, in call_and_report
    call = call_runtest_hook(item, when, **kwds)
  File &quot;/home/tester/.local/lib/python3.6/site-packages/_pytest/runner.py&quot;, line 217, in call_runtest_hook
    lambda: ihook(item=item, **kwds), when=when, reraise=reraise
  File &quot;/home/tester/.local/lib/python3.6/site-packages/_pytest/runner.py&quot;, line 244, in from_call
    result = func()
  File &quot;/home/tester/.local/lib/python3.6/site-packages/_pytest/runner.py&quot;, line 217, in &lt;lambda&gt;
    lambda: ihook(item=item, **kwds), when=when, reraise=reraise
  File &quot;/home/tester/.local/lib/python3.6/site-packages/pluggy/hooks.py&quot;, line 286, in __call__
    return self._hookexec(self, self.get_hookimpls(), kwargs)
  File &quot;/home/tester/.local/lib/python3.6/site-packages/pluggy/manager.py&quot;, line 93, in _hookexec
    return self._inner_hookexec(hook, methods, kwargs)
  File &quot;/home/tester/.local/lib/python3.6/site-packages/pluggy/manager.py&quot;, line 87, in &lt;lambda&gt;
    firstresult=hook.spec.opts.get(&quot;firstresult&quot;) if hook.spec else False,
  File &quot;/home/tester/.local/lib/python3.6/site-packages/pluggy/callers.py&quot;, line 187, in _multicall
    res = hook_impl.function(*args)
  File &quot;/home/tester/.local/lib/python3.6/site-packages/_pytest/runner.py&quot;, line 135, in pytest_runtest_call
    item.runtest()
  File &quot;/home/tester/.local/lib/python3.6/site-packages/_pytest/unittest.py&quot;, line 231, in runtest
    self._testcase(result=self)
  File &quot;/usr/lib/python3.6/unittest/case.py&quot;, line 653, in __call__
    return self.run(*args, **kwds)
  File &quot;/usr/lib/python3.6/unittest/case.py&quot;, line 605, in run
    testMethod()
  File &quot;/home/tester/.local/lib/python3.6/site-packages/ddt.py&quot;, line 182, in wrapper
    return func(self, *args, **kwargs)
  File &quot;/home/tester/Desktop/Personal_Gitlab/python-selenium/tests/test.py&quot;, line 30, in test_login
    self.lp.userLogin(userName, password)
  File &quot;/home/tester/Desktop/Personal_Gitlab/python-selenium/page_objects/login_page.py&quot;, line 37, in userLogin
    self.clickLoginLink()
  File &quot;/home/tester/Desktop/Personal_Gitlab/python-selenium/page_objects/login_page.py&quot;, line 17, in clickLoginLink
    self.elementClick(self._loginLink, locatorType=&quot;xpath&quot;)
  File &quot;/home/tester/Desktop/Personal_Gitlab/python-selenium/utilities/selenium_driver.py&quot;, line 91, in elementClick
    print_stack()
<br/> -------------------------------Captured log call-------------------------------- <br/>[32mINFO    [0m SeleniumDriver:selenium_driver.py:79 Element not found with locator: //a[@href=&#x27;/login&#x27;] and  locatorType: xpath
[32mINFO    [0m SeleniumDriver:selenium_driver.py:90 Cannot click on the element with locator: //a[@href=&#x27;/login&#x27;] locatorType: xpath
[32mINFO    [0m SeleniumDriver:selenium_driver.py:76 Element found with locator: login_field and  locatorType: id
[32mINFO    [0m SeleniumDriver:selenium_driver.py:99 Sent data on element with locator: login_field locatorType: id
[32mINFO    [0m SeleniumDriver:selenium_driver.py:76 Element found with locator: password and  locatorType: id
[32mINFO    [0m SeleniumDriver:selenium_driver.py:99 Sent data on element with locator: password locatorType: id
[32mINFO    [0m Util:util.py:81 Actual Text From Application Web UI --&gt; :: Sign in to GitHub Â· GitHub
[32mINFO    [0m Util:util.py:82 Expected Text From Application Web UI --&gt; :: GitHub
[32mINFO    [0m Util:util.py:84 ### VERIFICATION CONTAINS !!!
[31m[1mERROR   [0m TestStatus:test_status.py:37 ### VERIFICATION FAILED :: + Title Verified
[32mINFO    [0m TestStatus:selenium_driver.py:42 Screenshot save to directory: /home/tester/Desktop/Personal_Gitlab/python-selenium/utilities/../screenshots/Title Verified.1590415079671.png
[32mINFO    [0m SeleniumDriver:selenium_driver.py:79 Element not found with locator: //p[@class=&#x27;shelf-lead&#x27;] and  locatorType: xpath
[32mINFO    [0m SeleniumDriver:selenium_driver.py:114 Element not present with locator: //p[@class=&#x27;shelf-lead&#x27;] locatorType: xpath
[31m[1mERROR   [0m TestStatus:test_status.py:33 ### VERIFICATION FAILED :: + Login Verified
[32mINFO    [0m TestStatus:selenium_driver.py:42 Screenshot save to directory: /home/tester/Desktop/Personal_Gitlab/python-selenium/utilities/../screenshots/Login Verified.1590415082914.png
[31m[1mERROR   [0m TestStatus:test_status.py:59 test_login ### TEST FAILED<br/></div></td></tr></tbody>
      <tbody class="failed results-table-row">
        <tr>
          <td class="col-result">Failed</td>
          <td class="col-name">tests/test.py::GithubLogin::test_login_3___validUserName____validPassword__</td>
          <td class="col-duration">6.75</td>
          <td class="col-links"></td></tr>
        <tr>
          <td class="extra" colspan="4">
            <div class="log">self = &lt;tests.test.GithubLogin testMethod=test_login_3___validUserName____validPassword__&gt;, userName = &#x27;validUserName&#x27;, password = &#x27;validPassword&#x27;<br/><br/>    @pytest.mark.run(order=1)<br/>    @data(*getCSVData(&quot;test_data/data.csv&quot;))<br/>    @unpack<br/>    def test_login(self, userName, password):<br/>        self.lp.userLogin(userName, password)<br/>        titleResult = self.lp.verifyTitle()<br/>        self.ts.mark(titleResult, &quot;Title Verified&quot;)<br/>        loginResult = self.lp.verifyLogin()<br/>&gt;       self.ts.markFinal(&quot;test_login&quot;, loginResult, &quot;Login Verified&quot;)<br/><br/>tests/test.py:34: <br/>_ _ _ _ _ _ _ _ _ _ _ _ _ _ _ _ _ _ _ _ _ _ _ _ _ _ _ _ _ _ _ _ _ _ _ _ _ _ _ _ <br/><br/>self = &lt;utilities.test_status.TestStatus object at 0x7fb6bf425da0&gt;, testName = &#x27;test_login&#x27;, result = False, resultMessage = &#x27;Login Verified&#x27;<br/><br/>    def markFinal(self, testName, result, resultMessage):<br/>        self.setResult(result, resultMessage)<br/>    <br/>        if &quot;FAIL&quot; in self.resultList:<br/>            self.log.error(testName +  &quot; ### TEST FAILED&quot;)<br/>            self.resultList.clear()<br/>&gt;           assert True == False<br/><span class="error">E           AssertionError: assert True == False</span><br/><br/>utilities/test_status.py:61: AssertionError<br/> ------------------------------Captured stderr call------------------------------ <br/>  File &quot;/usr/lib/python3.6/runpy.py&quot;, line 193, in _run_module_as_main
    &quot;__main__&quot;, mod_spec)
  File &quot;/usr/lib/python3.6/runpy.py&quot;, line 85, in _run_code
    exec(code, run_globals)
  File &quot;/home/tester/.local/lib/python3.6/site-packages/pytest/__main__.py&quot;, line 7, in &lt;module&gt;
    raise SystemExit(pytest.main())
  File &quot;/home/tester/.local/lib/python3.6/site-packages/_pytest/config/__init__.py&quot;, line 125, in main
    config=config
  File &quot;/home/tester/.local/lib/python3.6/site-packages/pluggy/hooks.py&quot;, line 286, in __call__
    return self._hookexec(self, self.get_hookimpls(), kwargs)
  File &quot;/home/tester/.local/lib/python3.6/site-packages/pluggy/manager.py&quot;, line 93, in _hookexec
    return self._inner_hookexec(hook, methods, kwargs)
  File &quot;/home/tester/.local/lib/python3.6/site-packages/pluggy/manager.py&quot;, line 87, in &lt;lambda&gt;
    firstresult=hook.spec.opts.get(&quot;firstresult&quot;) if hook.spec else False,
  File &quot;/home/tester/.local/lib/python3.6/site-packages/pluggy/callers.py&quot;, line 187, in _multicall
    res = hook_impl.function(*args)
  File &quot;/home/tester/.local/lib/python3.6/site-packages/_pytest/main.py&quot;, line 240, in pytest_cmdline_main
    return wrap_session(config, _main)
  File &quot;/home/tester/.local/lib/python3.6/site-packages/_pytest/main.py&quot;, line 191, in wrap_session
    session.exitstatus = doit(config, session) or 0
  File &quot;/home/tester/.local/lib/python3.6/site-packages/_pytest/main.py&quot;, line 247, in _main
    config.hook.pytest_runtestloop(session=session)
  File &quot;/home/tester/.local/lib/python3.6/site-packages/pluggy/hooks.py&quot;, line 286, in __call__
    return self._hookexec(self, self.get_hookimpls(), kwargs)
  File &quot;/home/tester/.local/lib/python3.6/site-packages/pluggy/manager.py&quot;, line 93, in _hookexec
    return self._inner_hookexec(hook, methods, kwargs)
  File &quot;/home/tester/.local/lib/python3.6/site-packages/pluggy/manager.py&quot;, line 87, in &lt;lambda&gt;
    firstresult=hook.spec.opts.get(&quot;firstresult&quot;) if hook.spec else False,
  File &quot;/home/tester/.local/lib/python3.6/site-packages/pluggy/callers.py&quot;, line 187, in _multicall
    res = hook_impl.function(*args)
  File &quot;/home/tester/.local/lib/python3.6/site-packages/_pytest/main.py&quot;, line 272, in pytest_runtestloop
    item.config.hook.pytest_runtest_protocol(item=item, nextitem=nextitem)
  File &quot;/home/tester/.local/lib/python3.6/site-packages/pluggy/hooks.py&quot;, line 286, in __call__
    return self._hookexec(self, self.get_hookimpls(), kwargs)
  File &quot;/home/tester/.local/lib/python3.6/site-packages/pluggy/manager.py&quot;, line 93, in _hookexec
    return self._inner_hookexec(hook, methods, kwargs)
  File &quot;/home/tester/.local/lib/python3.6/site-packages/pluggy/manager.py&quot;, line 87, in &lt;lambda&gt;
    firstresult=hook.spec.opts.get(&quot;firstresult&quot;) if hook.spec else False,
  File &quot;/home/tester/.local/lib/python3.6/site-packages/pluggy/callers.py&quot;, line 187, in _multicall
    res = hook_impl.function(*args)
  File &quot;/home/tester/.local/lib/python3.6/site-packages/_pytest/runner.py&quot;, line 85, in pytest_runtest_protocol
    runtestprotocol(item, nextitem=nextitem)
  File &quot;/home/tester/.local/lib/python3.6/site-packages/_pytest/runner.py&quot;, line 100, in runtestprotocol
    reports.append(call_and_report(item, &quot;call&quot;, log))
  File &quot;/home/tester/.local/lib/python3.6/site-packages/_pytest/runner.py&quot;, line 186, in call_and_report
    call = call_runtest_hook(item, when, **kwds)
  File &quot;/home/tester/.local/lib/python3.6/site-packages/_pytest/runner.py&quot;, line 217, in call_runtest_hook
    lambda: ihook(item=item, **kwds), when=when, reraise=reraise
  File &quot;/home/tester/.local/lib/python3.6/site-packages/_pytest/runner.py&quot;, line 244, in from_call
    result = func()
  File &quot;/home/tester/.local/lib/python3.6/site-packages/_pytest/runner.py&quot;, line 217, in &lt;lambda&gt;
    lambda: ihook(item=item, **kwds), when=when, reraise=reraise
  File &quot;/home/tester/.local/lib/python3.6/site-packages/pluggy/hooks.py&quot;, line 286, in __call__
    return self._hookexec(self, self.get_hookimpls(), kwargs)
  File &quot;/home/tester/.local/lib/python3.6/site-packages/pluggy/manager.py&quot;, line 93, in _hookexec
    return self._inner_hookexec(hook, methods, kwargs)
  File &quot;/home/tester/.local/lib/python3.6/site-packages/pluggy/manager.py&quot;, line 87, in &lt;lambda&gt;
    firstresult=hook.spec.opts.get(&quot;firstresult&quot;) if hook.spec else False,
  File &quot;/home/tester/.local/lib/python3.6/site-packages/pluggy/callers.py&quot;, line 187, in _multicall
    res = hook_impl.function(*args)
  File &quot;/home/tester/.local/lib/python3.6/site-packages/_pytest/runner.py&quot;, line 135, in pytest_runtest_call
    item.runtest()
  File &quot;/home/tester/.local/lib/python3.6/site-packages/_pytest/unittest.py&quot;, line 231, in runtest
    self._testcase(result=self)
  File &quot;/usr/lib/python3.6/unittest/case.py&quot;, line 653, in __call__
    return self.run(*args, **kwds)
  File &quot;/usr/lib/python3.6/unittest/case.py&quot;, line 605, in run
    testMethod()
  File &quot;/home/tester/.local/lib/python3.6/site-packages/ddt.py&quot;, line 182, in wrapper
    return func(self, *args, **kwargs)
  File &quot;/home/tester/Desktop/Personal_Gitlab/python-selenium/tests/test.py&quot;, line 30, in test_login
    self.lp.userLogin(userName, password)
  File &quot;/home/tester/Desktop/Personal_Gitlab/python-selenium/page_objects/login_page.py&quot;, line 37, in userLogin
    self.clickLoginLink()
  File &quot;/home/tester/Desktop/Personal_Gitlab/python-selenium/page_objects/login_page.py&quot;, line 17, in clickLoginLink
    self.elementClick(self._loginLink, locatorType=&quot;xpath&quot;)
  File &quot;/home/tester/Desktop/Personal_Gitlab/python-selenium/utilities/selenium_driver.py&quot;, line 91, in elementClick
    print_stack()
<br/> -------------------------------Captured log call-------------------------------- <br/>[32mINFO    [0m SeleniumDriver:selenium_driver.py:79 Element not found with locator: //a[@href=&#x27;/login&#x27;] and  locatorType: xpath
[32mINFO    [0m SeleniumDriver:selenium_driver.py:90 Cannot click on the element with locator: //a[@href=&#x27;/login&#x27;] locatorType: xpath
[32mINFO    [0m SeleniumDriver:selenium_driver.py:76 Element found with locator: login_field and  locatorType: id
[32mINFO    [0m SeleniumDriver:selenium_driver.py:99 Sent data on element with locator: login_field locatorType: id
[32mINFO    [0m SeleniumDriver:selenium_driver.py:76 Element found with locator: password and  locatorType: id
[32mINFO    [0m SeleniumDriver:selenium_driver.py:99 Sent data on element with locator: password locatorType: id
[32mINFO    [0m Util:util.py:81 Actual Text From Application Web UI --&gt; :: Sign in to GitHub Â· GitHub
[32mINFO    [0m Util:util.py:82 Expected Text From Application Web UI --&gt; :: GitHub
[32mINFO    [0m Util:util.py:84 ### VERIFICATION CONTAINS !!!
[31m[1mERROR   [0m TestStatus:test_status.py:37 ### VERIFICATION FAILED :: + Title Verified
[32mINFO    [0m TestStatus:selenium_driver.py:42 Screenshot save to directory: /home/tester/Desktop/Personal_Gitlab/python-selenium/utilities/../screenshots/Title Verified.1590415086432.png
[32mINFO    [0m SeleniumDriver:selenium_driver.py:79 Element not found with locator: //p[@class=&#x27;shelf-lead&#x27;] and  locatorType: xpath
[32mINFO    [0m SeleniumDriver:selenium_driver.py:114 Element not present with locator: //p[@class=&#x27;shelf-lead&#x27;] locatorType: xpath
[31m[1mERROR   [0m TestStatus:test_status.py:33 ### VERIFICATION FAILED :: + Login Verified
[32mINFO    [0m TestStatus:selenium_driver.py:42 Screenshot save to directory: /home/tester/Desktop/Personal_Gitlab/python-selenium/utilities/../screenshots/Login Verified.1590415089685.png
[31m[1mERROR   [0m TestStatus:test_status.py:59 test_login ### TEST FAILED<br/></div></td></tr></tbody></table></body></html>